2023-10-06 14:11:08 INFO  PluginTasksProjectComponent.projectOpened(79) - ---------- Project opened ----------
2023-10-06 14:11:08 INFO  PluginTasksProjectComponent.projectOpened(80) - ---------- Version 4.03 ----------

2023-10-06 14:11:08 INFO  PluginTasksProjectComponent.setAutoscrolls(374) - Autoscrolls successfully set
2023-10-06 14:11:08 INFO  ApacheHttpClient.isSessionAppropriateWithSecretKey(589) - The session is not set in the property file.
2023-10-06 14:11:29 INFO  ApacheHttpClient.login(250) - Waiting for server response.
2023-10-06 14:11:29 INFO  ApacheHttpClient.login(254) - responseCode = 200
2023-10-06 14:11:29 INFO  ApacheHttpClient.login(277) - JSESSIONID OK
2023-10-06 14:11:29 INFO  ApacheHttpClient.refreshUserInfo(305) - responseCode = 200
2023-10-06 14:11:29 INFO  ApacheHttpClient.refreshUserInfo(311) - User information received.
2023-10-06 14:11:29 INFO  ApacheHttpClient.startGA(36) - GAService started.
2023-10-06 14:11:51 INFO  ApacheHttpClient.getWebResourceAsStream(502) - responseCode = 200
2023-10-06 14:11:58 INFO  ApacheHttpClient.getFilteredTasks(336) - responseCode = 200
2023-10-06 14:12:03 INFO  ApacheHttpClient.getFilteredTasks(336) - responseCode = 200
2023-10-06 14:12:10 INFO  ApacheHttpClient.getFilteredTasks(336) - responseCode = 200
2023-10-06 14:14:01 INFO  PluginTasksProjectComponent.projectClosing(196) - ---------- Project closed ----------

2023-10-06 14:16:11 INFO  PluginTasksProjectComponent.projectOpened(79) - ---------- Project opened ----------
2023-10-06 14:16:11 INFO  PluginTasksProjectComponent.projectOpened(80) - ---------- Version 4.03 ----------

2023-10-06 14:16:11 INFO  PluginTasksProjectComponent.setAutoscrolls(374) - Autoscrolls successfully set
2023-10-06 14:16:11 INFO  ApacheHttpClient.createAsyncHttpClient(146) - 1 proxies selected. Type: DIRECT
2023-10-06 14:16:11 INFO  ApacheHttpClient.<init>(97) - ApacheHttpClient was successfully instantiated.
2023-10-06 14:16:11 INFO  ApacheHttpClient.testConnection(205) - responseCode = 200
2023-10-06 14:16:11 INFO  ApacheHttpClient.testConnection(220) - result = true
2023-10-06 14:16:11 INFO  ApacheHttpClient.isSessionAppropriateWithSecretKey(602) - Waiting for server response.
2023-10-06 14:16:12 INFO  ApacheHttpClient.isSessionAppropriateWithSecretKey(602) - Waiting for server response.
2023-10-06 14:16:12 INFO  ApacheHttpClient.refreshUserInfo(305) - responseCode = 200
2023-10-06 14:16:12 INFO  ApacheHttpClient.refreshUserInfo(311) - User information received.
2023-10-06 14:16:12 INFO  ApacheHttpClient.startGA(36) - GAService started.
2023-10-06 14:17:05 INFO  ApacheHttpClient.getWebResourceAsStream(502) - responseCode = 200
2023-10-06 14:17:05 INFO  ApacheHttpClient.getFilteredTasks(336) - responseCode = 200
2023-10-06 14:17:13 INFO  ApacheHttpClient.getFilteredTasks(336) - responseCode = 200
2023-10-06 14:17:24 INFO  ApacheHttpClient.getFilteredTasks(336) - responseCode = 200
2023-10-06 17:37:39 INFO  ApacheHttpClient.getWebResourceAsStream(502) - responseCode = 200
2023-10-06 17:37:40 INFO  ApacheHttpClient.getFilteredTasks(336) - responseCode = 200
2023-10-06 17:37:44 INFO  ApacheHttpClient.getFilteredTasks(336) - responseCode = 200
2023-10-06 17:37:46 INFO  ApacheHttpClient.getTaskTemplateInfo(353) - responseCode = 200
2023-10-06 17:37:47 INFO  ApacheHttpClient.getWebResourceAsStream(502) - responseCode = 200
2023-10-06 17:41:44 INFO  ApacheHttpClient.getWebResourceAsStream(502) - responseCode = 200
2023-10-06 17:41:45 INFO  ApacheHttpClient.getFilteredTasks(336) - responseCode = 200
2023-10-06 17:41:47 INFO  ApacheHttpClient.getWebResourceAsStream(502) - responseCode = 200
2023-10-06 17:41:47 INFO  ApacheHttpClient.getWebResourceAsStream(502) - responseCode = 200
2023-10-06 17:41:48 INFO  ApacheHttpClient.getTask(488) - responseCode = 200
2023-10-06 17:41:52 INFO  ApacheHttpClient.completed(32) - responseCode = 200
2023-10-06 17:41:52 INFO  ApacheHttpClient.getTask(488) - responseCode = 200
2023-10-06 17:41:59 INFO  ApacheHttpClient.getWebResourceAsStream(502) - responseCode = 200
2023-10-06 17:42:00 INFO  ApacheHttpClient.getFilteredTasks(336) - responseCode = 200
2023-10-06 17:42:02 INFO  ApacheHttpClient.getTaskTemplateInfo(353) - responseCode = 200
2023-10-06 17:42:03 INFO  ApacheHttpClient.getWebResourceAsStream(502) - responseCode = 200
2023-10-06 17:43:07 INFO  ApacheHttpClient.getWebResourceAsStream(502) - responseCode = 200
2023-10-06 17:43:07 INFO  ApacheHttpClient.getWebResourceAsStream(502) - responseCode = 200
2023-10-06 17:43:07 INFO  ApacheHttpClient.getTask(488) - responseCode = 200
2023-10-06 17:43:09 INFO  ApacheHttpClient.completed(32) - responseCode = 200
2023-10-06 17:43:09 INFO  ApacheHttpClient.getTask(488) - responseCode = 200
2023-10-06 17:54:14 INFO  ApacheHttpClient.getWebResourceAsStream(502) - responseCode = 200
2023-10-06 17:54:14 INFO  ApacheHttpClient.getFilteredTasks(336) - responseCode = 200
2023-10-06 17:54:17 INFO  ApacheHttpClient.getTaskTemplateInfo(353) - responseCode = 200
2023-10-06 17:54:19 INFO  ApacheHttpClient.getWebResourceAsStream(502) - responseCode = 200
2023-10-06 17:58:14 INFO  ApacheHttpClient.getWebResourceAsStream(502) - responseCode = 200
2023-10-06 17:58:14 INFO  ApacheHttpClient.getWebResourceAsStream(502) - responseCode = 200
2023-10-06 17:58:14 INFO  ApacheHttpClient.getTask(488) - responseCode = 200
2023-10-06 17:58:16 INFO  ApacheHttpClient.completed(32) - responseCode = 200
2023-10-06 17:58:16 INFO  ApacheHttpClient.getTask(488) - responseCode = 200
2023-10-06 17:58:28 INFO  ApacheHttpClient.getWebResourceAsStream(502) - responseCode = 200
2023-10-06 17:58:28 INFO  ApacheHttpClient.getFilteredTasks(336) - responseCode = 200
2023-10-06 17:58:34 INFO  ApacheHttpClient.getTaskTemplateInfo(353) - responseCode = 200
2023-10-06 17:58:34 INFO  ApacheHttpClient.getTaskTemplateInfo(353) - responseCode = 200
2023-10-06 17:58:34 INFO  ApacheHttpClient.getWebResourceAsStream(502) - responseCode = 200
2023-10-06 17:58:35 INFO  ApacheHttpClient.getWebResourceAsStream(502) - responseCode = 200
2023-10-06 18:01:24 INFO  ApacheHttpClient.getWebResourceAsStream(502) - responseCode = 200
2023-10-06 18:01:24 INFO  ApacheHttpClient.getWebResourceAsStream(502) - responseCode = 200
2023-10-06 18:01:24 INFO  ApacheHttpClient.getTask(488) - responseCode = 200
2023-10-06 18:01:26 INFO  ApacheHttpClient.completed(32) - responseCode = 200
2023-10-06 18:01:27 INFO  ApacheHttpClient.getTask(488) - responseCode = 200
2023-10-06 18:01:31 INFO  ApacheHttpClient.getWebResourceAsStream(502) - responseCode = 200
2023-10-06 18:01:31 INFO  ApacheHttpClient.getFilteredTasks(336) - responseCode = 200
2023-10-06 18:01:33 INFO  ApacheHttpClient.getTaskTemplateInfo(353) - responseCode = 200
2023-10-06 18:01:33 INFO  ApacheHttpClient.getWebResourceAsStream(502) - responseCode = 200
2023-10-06 18:16:54 INFO  ApacheHttpClient.getWebResourceAsStream(502) - responseCode = 200
2023-10-06 18:16:54 INFO  ApacheHttpClient.getWebResourceAsStream(502) - responseCode = 200
2023-10-06 18:16:55 INFO  ApacheHttpClient.getTask(488) - responseCode = 200
2023-10-06 18:16:55 INFO  ApacheHttpClient.completed(32) - responseCode = 200
2023-10-06 19:10:52 INFO  ApacheHttpClient.getWebResourceAsStream(502) - responseCode = 200
2023-10-06 19:10:52 INFO  ApacheHttpClient.getWebResourceAsStream(502) - responseCode = 200
2023-10-06 19:10:52 INFO  ApacheHttpClient.getTask(488) - responseCode = 200
2023-10-06 19:10:54 INFO  ApacheHttpClient.completed(32) - responseCode = 200
2023-10-06 19:10:54 INFO  ApacheHttpClient.getTask(488) - responseCode = 200
2023-10-06 19:11:42 INFO  ApacheHttpClient.getWebResourceAsStream(502) - responseCode = 200
2023-10-06 19:11:42 INFO  ApacheHttpClient.getFilteredTasks(336) - responseCode = 200
2023-10-06 19:11:44 INFO  ApacheHttpClient.getTaskTemplateInfo(353) - responseCode = 200
2023-10-06 19:11:44 INFO  ApacheHttpClient.getWebResourceAsStream(502) - responseCode = 200
2023-10-06 19:11:47 INFO  ApacheHttpClient.getWebResourceAsStream(502) - responseCode = 200
2023-10-06 19:13:23 INFO  ApacheHttpClient.getWebResourceAsStream(502) - responseCode = 200
2023-10-06 19:13:23 INFO  ApacheHttpClient.getFilteredTasks(336) - responseCode = 200
2023-10-06 19:13:25 INFO  ApacheHttpClient.getTaskTemplateInfo(353) - responseCode = 200
2023-10-06 19:13:25 INFO  ApacheHttpClient.getWebResourceAsStream(502) - responseCode = 200
2023-10-06 19:16:46 INFO  ApacheHttpClient.getWebResourceAsStream(502) - responseCode = 200
2023-10-06 19:16:46 INFO  ApacheHttpClient.getWebResourceAsStream(502) - responseCode = 200
2023-10-06 19:16:46 INFO  ApacheHttpClient.getTask(488) - responseCode = 200
2023-10-06 19:16:49 INFO  ApacheHttpClient.completed(32) - responseCode = 200
2023-10-06 19:16:49 INFO  ApacheHttpClient.getTask(488) - responseCode = 200
2023-10-06 19:16:55 INFO  ApacheHttpClient.getWebResourceAsStream(502) - responseCode = 200
2023-10-06 19:16:55 INFO  ApacheHttpClient.getFilteredTasks(336) - responseCode = 200
2023-10-06 19:29:12 INFO  ApacheHttpClient.getWebResourceAsStream(502) - responseCode = 200
2023-10-06 19:29:12 INFO  ApacheHttpClient.getFilteredTasks(336) - responseCode = 200
2023-10-06 19:29:15 INFO  ApacheHttpClient.getTaskTemplateInfo(353) - responseCode = 200
2023-10-06 19:29:16 INFO  ApacheHttpClient.getWebResourceAsStream(502) - responseCode = 200
2023-10-06 19:32:53 INFO  ApacheHttpClient.getWebResourceAsStream(502) - responseCode = 200
2023-10-06 19:32:53 INFO  ApacheHttpClient.getWebResourceAsStream(502) - responseCode = 200
2023-10-06 19:32:53 INFO  ApacheHttpClient.getTask(488) - responseCode = 200
2023-10-06 19:32:56 INFO  ApacheHttpClient.completed(32) - responseCode = 200
2023-10-06 19:32:56 INFO  ApacheHttpClient.getTask(488) - responseCode = 200
2023-10-06 19:33:05 INFO  ApacheHttpClient.getWebResourceAsStream(502) - responseCode = 200
2023-10-06 19:33:05 INFO  ApacheHttpClient.getFilteredTasks(336) - responseCode = 200
2023-10-06 19:37:05 INFO  ApacheHttpClient.getTaskTemplateInfo(353) - responseCode = 200
2023-10-06 19:37:07 INFO  ApacheHttpClient.getWebResourceAsStream(502) - responseCode = 200
2023-10-06 19:50:12 INFO  ApacheHttpClient.getWebResourceAsStream(502) - responseCode = 200
2023-10-06 19:50:12 INFO  ApacheHttpClient.getWebResourceAsStream(502) - responseCode = 200
2023-10-06 19:50:13 INFO  ApacheHttpClient.getTask(488) - responseCode = 200
2023-10-06 19:50:14 INFO  ApacheHttpClient.completed(32) - responseCode = 200
2023-10-06 19:50:15 INFO  ApacheHttpClient.getTask(488) - responseCode = 200
2023-10-06 19:50:22 INFO  ApacheHttpClient.getWebResourceAsStream(502) - responseCode = 200
2023-10-06 19:51:57 INFO  ApacheHttpClient.getWebResourceAsStream(502) - responseCode = 200
2023-10-06 19:51:57 INFO  ApacheHttpClient.getFilteredTasks(336) - responseCode = 200
2023-10-06 19:52:03 INFO  ApacheHttpClient.getTaskTemplateInfo(353) - responseCode = 200
2023-10-06 19:52:04 INFO  ApacheHttpClient.getWebResourceAsStream(502) - responseCode = 200
2023-10-06 19:55:55 INFO  ApacheHttpClient.getWebResourceAsStream(502) - responseCode = 200
2023-10-06 19:55:55 INFO  ApacheHttpClient.getTask(488) - responseCode = 200
2023-10-06 19:55:55 INFO  ApacheHttpClient.getWebResourceAsStream(502) - responseCode = 200
2023-10-06 19:55:59 INFO  ApacheHttpClient.completed(32) - responseCode = 200
2023-10-06 20:00:32 INFO  ApacheHttpClient.getWebResourceAsStream(502) - responseCode = 200
2023-10-06 20:00:33 INFO  ApacheHttpClient.getWebResourceAsStream(502) - responseCode = 200
2023-10-06 20:00:33 INFO  ApacheHttpClient.getTask(488) - responseCode = 200
2023-10-06 20:00:36 INFO  ApacheHttpClient.completed(32) - responseCode = 200
2023-10-06 20:01:06 INFO  ApacheHttpClient.getWebResourceAsStream(502) - responseCode = 200
2023-10-06 20:01:07 INFO  ApacheHttpClient.getWebResourceAsStream(502) - responseCode = 200
2023-10-06 20:01:07 INFO  ApacheHttpClient.getTask(488) - responseCode = 200
2023-10-06 20:01:11 INFO  ApacheHttpClient.completed(32) - responseCode = 200
2023-10-06 20:01:11 INFO  ApacheHttpClient.getTask(488) - responseCode = 200
2023-10-06 20:02:00 INFO  PluginTasksProjectComponent.projectClosing(196) - ---------- Project closed ----------

2023-10-06 20:02:00 INFO  ApacheHttpClient.getTask(488) - responseCode = 200
2023-10-06 20:02:01 INFO  ApacheHttpClient.getTask(488) - responseCode = 200
2023-10-06 20:02:01 INFO  ApacheHttpClient.getTask(488) - responseCode = 200
2023-10-06 20:02:01 INFO  ApacheHttpClient.getTask(488) - responseCode = 200
2023-10-06 20:02:02 INFO  ApacheHttpClient.getTask(488) - responseCode = 200
2023-10-06 20:02:03 INFO  ApacheHttpClient.getTask(488) - responseCode = 200
2023-10-06 20:02:03 INFO  ApacheHttpClient.getTask(488) - responseCode = 200
2023-10-06 20:02:04 INFO  ApacheHttpClient.getTask(488) - responseCode = 200
2023-10-06 20:02:04 INFO  ApacheHttpClient.getTask(488) - responseCode = 200
2023-10-06 20:02:05 INFO  ApacheHttpClient.getTask(488) - responseCode = 200
2023-10-06 20:02:05 INFO  ApacheHttpClient.getTask(488) - responseCode = 200
2023-10-06 20:02:05 INFO  ApacheHttpClient.getTask(488) - responseCode = 200
2023-10-06 20:02:05 INFO  ApacheHttpClient.getTask(488) - responseCode = 200
2023-10-06 20:02:06 INFO  ApacheHttpClient.getTask(488) - responseCode = 200
2023-10-07 12:40:51 INFO  PluginTasksProjectComponent.projectOpened(79) - ---------- Project opened ----------
2023-10-07 12:40:51 INFO  PluginTasksProjectComponent.projectOpened(80) - ---------- Version 4.03 ----------

2023-10-07 12:40:51 INFO  ApacheHttpClient.createAsyncHttpClient(146) - 1 proxies selected. Type: DIRECT
2023-10-07 12:40:51 INFO  ApacheHttpClient.<init>(97) - ApacheHttpClient was successfully instantiated.
2023-10-07 12:40:51 INFO  ApacheHttpClient.testConnection(205) - responseCode = 200
2023-10-07 12:40:51 INFO  ApacheHttpClient.testConnection(220) - result = true
2023-10-07 12:40:51 INFO  ApacheHttpClient.isSessionAppropriateWithSecretKey(602) - Waiting for server response.
2023-10-07 12:40:52 INFO  ApacheHttpClient.refreshUserInfo(305) - responseCode = 200
2023-10-07 12:40:52 INFO  ApacheHttpClient.refreshUserInfo(311) - User information received.
2023-10-07 12:40:52 INFO  ApacheHttpClient.startGA(36) - GAService started.
2023-10-07 12:41:03 INFO  ApacheHttpClient.getWebResourceAsStream(502) - responseCode = 200
2023-10-07 12:41:03 INFO  ApacheHttpClient.getFilteredTasks(336) - responseCode = 200
2023-10-07 12:41:06 INFO  ApacheHttpClient.getTaskTemplateInfo(353) - responseCode = 200
2023-10-07 12:41:08 INFO  ApacheHttpClient.getWebResourceAsStream(502) - responseCode = 200
2023-10-07 12:42:31 INFO  ApacheHttpClient.getWebResourceAsStream(502) - responseCode = 200
2023-10-07 12:42:32 INFO  ApacheHttpClient.getWebResourceAsStream(502) - responseCode = 200
2023-10-07 12:42:32 INFO  ApacheHttpClient.getTask(488) - responseCode = 200
2023-10-07 12:42:33 INFO  ApacheHttpClient.completed(32) - responseCode = 200
2023-10-07 12:42:34 INFO  ApacheHttpClient.getTask(488) - responseCode = 200
2023-10-07 13:31:27 INFO  ApacheHttpClient.getWebResourceAsStream(502) - responseCode = 200
2023-10-07 13:31:27 INFO  ApacheHttpClient.getFilteredTasks(336) - responseCode = 200
2023-10-07 13:31:28 INFO  ApacheHttpClient.getTaskTemplateInfo(353) - responseCode = 200
2023-10-07 13:31:29 INFO  ApacheHttpClient.getWebResourceAsStream(502) - responseCode = 200
2023-10-07 13:32:21 INFO  ApacheHttpClient.getWebResourceAsStream(502) - responseCode = 200
2023-10-07 13:32:21 INFO  ApacheHttpClient.getWebResourceAsStream(502) - responseCode = 200
2023-10-07 13:32:21 INFO  ApacheHttpClient.getTask(488) - responseCode = 200
2023-10-07 13:32:24 INFO  ApacheHttpClient.completed(32) - responseCode = 200
2023-10-07 13:32:24 INFO  ApacheHttpClient.getTask(488) - responseCode = 200
2023-10-07 13:46:34 INFO  ApacheHttpClient.getWebResourceAsStream(502) - responseCode = 200
2023-10-07 13:46:35 INFO  ApacheHttpClient.getFilteredTasks(336) - responseCode = 200
2023-10-07 13:46:37 INFO  ApacheHttpClient.getTaskTemplateInfo(353) - responseCode = 200
2023-10-07 13:46:39 INFO  ApacheHttpClient.getWebResourceAsStream(502) - responseCode = 200
2023-10-07 13:50:09 INFO  ApacheHttpClient.getWebResourceAsStream(502) - responseCode = 200
2023-10-07 13:50:09 INFO  ApacheHttpClient.getWebResourceAsStream(502) - responseCode = 200
2023-10-07 13:50:10 INFO  ApacheHttpClient.getTask(488) - responseCode = 200
2023-10-07 13:50:12 INFO  ApacheHttpClient.completed(32) - responseCode = 200
2023-10-07 13:50:12 INFO  ApacheHttpClient.getTask(488) - responseCode = 200
2023-10-07 13:50:20 INFO  ApacheHttpClient.getWebResourceAsStream(502) - responseCode = 200
2023-10-07 13:50:20 INFO  ApacheHttpClient.getFilteredTasks(336) - responseCode = 200
2023-10-07 13:50:22 INFO  ApacheHttpClient.getTaskTemplateInfo(353) - responseCode = 200
2023-10-07 13:50:23 INFO  ApacheHttpClient.getWebResourceAsStream(502) - responseCode = 200
2023-10-07 13:59:16 INFO  ApacheHttpClient.getWebResourceAsStream(502) - responseCode = 200
2023-10-07 13:59:17 INFO  ApacheHttpClient.getWebResourceAsStream(502) - responseCode = 200
2023-10-07 13:59:17 INFO  ApacheHttpClient.getTask(488) - responseCode = 200
2023-10-07 13:59:20 INFO  ApacheHttpClient.completed(32) - responseCode = 200
2023-10-07 13:59:20 INFO  ApacheHttpClient.getTask(488) - responseCode = 200
2023-10-07 14:30:44 INFO  ApacheHttpClient.getWebResourceAsStream(502) - responseCode = 200
2023-10-07 14:30:44 INFO  ApacheHttpClient.getFilteredTasks(336) - responseCode = 200
2023-10-07 14:30:47 INFO  ApacheHttpClient.getTaskTemplateInfo(353) - responseCode = 200
2023-10-07 14:30:49 INFO  ApacheHttpClient.getWebResourceAsStream(502) - responseCode = 200
2023-10-07 14:31:21 INFO  ApacheHttpClient.getWebResourceAsStream(502) - responseCode = 200
2023-10-07 14:31:22 INFO  ApacheHttpClient.getWebResourceAsStream(502) - responseCode = 200
2023-10-07 14:31:22 INFO  ApacheHttpClient.getTask(488) - responseCode = 200
2023-10-07 14:31:23 INFO  ApacheHttpClient.completed(32) - responseCode = 200
2023-10-07 14:31:59 INFO  ApacheHttpClient.getWebResourceAsStream(502) - responseCode = 200
2023-10-07 14:32:00 INFO  ApacheHttpClient.getWebResourceAsStream(502) - responseCode = 200
2023-10-07 14:32:00 INFO  ApacheHttpClient.getTask(488) - responseCode = 200
2023-10-07 14:32:01 INFO  ApacheHttpClient.completed(32) - responseCode = 200
2023-10-07 14:32:02 INFO  ApacheHttpClient.getTask(488) - responseCode = 200
2023-10-07 14:32:12 INFO  ApacheHttpClient.getWebResourceAsStream(502) - responseCode = 200
2023-10-07 14:32:13 INFO  ApacheHttpClient.getFilteredTasks(336) - responseCode = 200
2023-10-07 14:32:14 INFO  ApacheHttpClient.getTaskTemplateInfo(353) - responseCode = 200
2023-10-07 14:32:15 INFO  ApacheHttpClient.getWebResourceAsStream(502) - responseCode = 200
2023-10-07 14:34:17 INFO  ApacheHttpClient.getWebResourceAsStream(502) - responseCode = 200
2023-10-07 14:34:17 INFO  ApacheHttpClient.getWebResourceAsStream(502) - responseCode = 200
2023-10-07 14:34:17 INFO  ApacheHttpClient.getTask(488) - responseCode = 200
2023-10-07 14:34:18 INFO  ApacheHttpClient.completed(32) - responseCode = 200
2023-10-07 14:34:53 INFO  ApacheHttpClient.getWebResourceAsStream(502) - responseCode = 200
2023-10-07 14:34:53 INFO  ApacheHttpClient.getWebResourceAsStream(502) - responseCode = 200
2023-10-07 14:34:53 INFO  ApacheHttpClient.getTask(488) - responseCode = 200
2023-10-07 14:34:54 INFO  ApacheHttpClient.completed(32) - responseCode = 200
2023-10-07 14:36:10 INFO  ApacheHttpClient.getWebResourceAsStream(502) - responseCode = 200
2023-10-07 14:36:10 INFO  ApacheHttpClient.getWebResourceAsStream(502) - responseCode = 200
2023-10-07 14:36:11 INFO  ApacheHttpClient.getTask(488) - responseCode = 200
2023-10-07 14:36:12 INFO  ApacheHttpClient.completed(32) - responseCode = 200
2023-10-07 14:36:13 INFO  ApacheHttpClient.getTask(488) - responseCode = 200
2023-10-07 14:39:35 INFO  ApacheHttpClient.getWebResourceAsStream(502) - responseCode = 200
2023-10-07 14:39:35 INFO  ApacheHttpClient.getFilteredTasks(336) - responseCode = 200
2023-10-07 14:42:48 INFO  ApacheHttpClient.getTaskTemplateInfo(353) - responseCode = 200
2023-10-07 14:42:49 INFO  ApacheHttpClient.getWebResourceAsStream(502) - responseCode = 200
2023-10-07 14:45:17 INFO  ApacheHttpClient.getWebResourceAsStream(502) - responseCode = 200
2023-10-07 14:45:17 INFO  ApacheHttpClient.getWebResourceAsStream(502) - responseCode = 200
2023-10-07 14:45:18 INFO  ApacheHttpClient.getTask(488) - responseCode = 200
2023-10-07 14:45:21 INFO  ApacheHttpClient.completed(32) - responseCode = 200
2023-10-07 14:45:21 INFO  ApacheHttpClient.getTask(488) - responseCode = 200
2023-10-07 15:37:50 INFO  PluginTasksProjectComponent.projectClosing(196) - ---------- Project closed ----------

2023-10-07 15:37:50 INFO  ApacheHttpClient.getTask(488) - responseCode = 200
2023-10-07 15:37:50 INFO  ApacheHttpClient.getTask(488) - responseCode = 200
2023-10-07 15:37:51 INFO  ApacheHttpClient.getTask(488) - responseCode = 200
2023-10-07 15:37:51 INFO  ApacheHttpClient.getTask(488) - responseCode = 200
2023-10-07 15:37:52 INFO  ApacheHttpClient.getTask(488) - responseCode = 200
2023-10-07 15:37:52 INFO  ApacheHttpClient.getTask(488) - responseCode = 200
2023-10-07 15:37:52 INFO  ApacheHttpClient.getTask(488) - responseCode = 200
2023-10-07 15:37:53 INFO  ApacheHttpClient.getTask(488) - responseCode = 200
2023-10-07 19:00:56 INFO  PluginTasksProjectComponent.projectOpened(79) - ---------- Project opened ----------
2023-10-07 19:00:56 INFO  PluginTasksProjectComponent.projectOpened(80) - ---------- Version 4.03 ----------

2023-10-07 19:00:56 INFO  ApacheHttpClient.createAsyncHttpClient(146) - 1 proxies selected. Type: DIRECT
2023-10-07 19:00:56 INFO  ApacheHttpClient.<init>(97) - ApacheHttpClient was successfully instantiated.
2023-10-07 19:00:57 INFO  ApacheHttpClient.testConnection(205) - responseCode = 200
2023-10-07 19:00:57 INFO  ApacheHttpClient.testConnection(220) - result = true
2023-10-07 19:00:57 INFO  ApacheHttpClient.isSessionAppropriateWithSecretKey(602) - Waiting for server response.
2023-10-07 19:00:57 INFO  ApacheHttpClient.isSessionAppropriateWithSecretKey(602) - Waiting for server response.
2023-10-07 19:00:57 INFO  ApacheHttpClient.isSessionAppropriateWithSecretKey(602) - Waiting for server response.
2023-10-07 19:00:57 INFO  ApacheHttpClient.isSessionAppropriateWithSecretKey(602) - Waiting for server response.
2023-10-07 19:00:57 INFO  ApacheHttpClient.isSessionAppropriateWithSecretKey(602) - Waiting for server response.
2023-10-07 19:00:58 INFO  ApacheHttpClient.refreshUserInfo(305) - responseCode = 200
2023-10-07 19:00:58 INFO  ApacheHttpClient.refreshUserInfo(311) - User information received.
2023-10-07 19:00:58 INFO  ApacheHttpClient.startGA(36) - GAService started.
2023-10-07 19:21:42 INFO  PluginTasksProjectComponent.projectClosing(196) - ---------- Project closed ----------

2023-10-07 19:37:50 INFO  PluginTasksProjectComponent.projectOpened(79) - ---------- Project opened ----------
2023-10-07 19:37:50 INFO  PluginTasksProjectComponent.projectOpened(79) - ---------- Project opened ----------
2023-10-07 19:37:50 INFO  PluginTasksProjectComponent.projectOpened(80) - ---------- Version 4.03 ----------

2023-10-07 19:37:50 INFO  PluginTasksProjectComponent.projectOpened(80) - ---------- Version 4.03 ----------

2023-10-07 19:37:51 INFO  ApacheHttpClient.isSessionAppropriateWithSecretKey(602) - Waiting for server response.
2023-10-07 19:37:51 INFO  ApacheHttpClient.isSessionAppropriateWithSecretKey(602) - Waiting for server response.
2023-10-07 19:37:51 INFO  ApacheHttpClient.refreshUserInfo(305) - responseCode = 200
2023-10-07 19:37:51 INFO  ApacheHttpClient.refreshUserInfo(305) - responseCode = 200
2023-10-07 19:37:51 INFO  ApacheHttpClient.refreshUserInfo(311) - User information received.
2023-10-07 19:37:51 INFO  ApacheHttpClient.refreshUserInfo(311) - User information received.
2023-10-07 19:37:51 INFO  ApacheHttpClient.startGA(36) - GAService started.
2023-10-07 19:37:51 INFO  ApacheHttpClient.startGA(36) - GAService started.
2023-10-07 19:38:25 INFO  PluginTasksProjectComponent.projectClosing(196) - ---------- Project closed ----------

2023-10-07 19:38:25 INFO  PluginTasksProjectComponent.projectClosing(196) - ---------- Project closed ----------

2023-10-07 19:38:39 INFO  PluginTasksProjectComponent.projectOpened(79) - ---------- Project opened ----------
2023-10-07 19:38:39 INFO  PluginTasksProjectComponent.projectOpened(80) - ---------- Version 4.03 ----------

2023-10-07 19:38:39 INFO  ApacheHttpClient.createAsyncHttpClient(146) - 1 proxies selected. Type: DIRECT
2023-10-07 19:38:39 INFO  ApacheHttpClient.<init>(97) - ApacheHttpClient was successfully instantiated.
2023-10-07 19:38:39 INFO  ApacheHttpClient.testConnection(205) - responseCode = 200
2023-10-07 19:38:39 INFO  ApacheHttpClient.testConnection(220) - result = true
2023-10-07 19:38:39 INFO  ApacheHttpClient.isSessionAppropriateWithSecretKey(602) - Waiting for server response.
2023-10-07 19:38:40 INFO  ApacheHttpClient.refreshUserInfo(305) - responseCode = 200
2023-10-07 19:38:40 INFO  ApacheHttpClient.refreshUserInfo(311) - User information received.
2023-10-07 19:38:40 INFO  ApacheHttpClient.startGA(36) - GAService started.
